<?xml version="1.0" encoding="UTF-8"?>
<testsuite xmlns:xsi="http://www.w3.org/2001/XMLSchema-instance" xsi:noNamespaceSchemaLocation="https://maven.apache.org/surefire/maven-surefire-plugin/xsd/surefire-test-report-3.0.xsd" version="3.0" name="com.shadowfox.bankingapp.BankAccountTest" time="0.076" tests="4" errors="0" skipped="0" failures="0">
  <properties>
[...]
</properties>
  <testcase name="testWithdraw" classname="com.shadowfox.bankingapp.BankAccountTest" time="0.036"/>
  <testcase name="testTransactionSummary" classname="com.shadowfox.bankingapp.BankAccountTest" time="0.012"/>
  <testcase name="testDeposit" classname="com.shadowfox.bankingapp.BankAccountTest" time="0.001"/>
  <testcase name="testInvalidWithdraw" classname="com.shadowfox.bankingapp.BankAccountTest" time="0.003"/>
</testsuite>